*------------------------------------------------------------*
* Report Log
Date:                September 29, 2017
Time:                19:56:49
*------------------------------------------------------------*
11991  *------------------------------------------------------------*;
11992  * Part: Computing statistics for class target variables;
11993  *------------------------------------------------------------*;
11994  ods listing close;
11995  ods output onewayfreqs=WORK.TEMPFREQ;
11996  proc freq data = EMWS1.Repl_TRAIN order=formatted addnames;
11997  table TARGET_B / missing;
11998  run;

NOTE: There were 9686 observations read from the data set DATA.PVA97NK.
NOTE: View EMWS1.REPL_TRAIN.VIEW used (Total process time):
      real time           0.11 seconds
      cpu time            0.04 seconds
      
NOTE: There were 9686 observations read from the data set EMWS1.IDS_DATA.
NOTE: The data set WORK.TEMPFREQ has 2 observations and 8 variables.
NOTE: There were 9686 observations read from the data set EMWS1.REPL_TRAIN.
NOTE: PROCEDURE FREQ used (Total process time):
      real time           0.13 seconds
      cpu time            0.06 seconds
      

11999  quit;
12000  ods listing;
12001  data WORK.Part_BAR(keep=_VARIABLE_ TYPE COUNT PERCENT _X_ _XLABEL_);
12002  label _VARIABLE_ = "%sysfunc(sasmsg(sashelp.dmine, rpt_variable_vlabel, NOQUOTE))" Type = "%sysfunc(sasmsg(sashelp.dmine, rpt_type_vlabel,         NOQUOTE))" _X_ = "%sysfunc(sasmsg(sashelp.dmine, rpt_numValue_vlabel, NOQUOTE))" _XLABEL_ =
12003     "%sysfunc(sasmsg(sashelp.dmine, rpt_fmtValue_vlabel ,    NOQUOTE))" COUNT = "%sysfunc(sasmsg(sashelp.dmine, rpt_count_vlabel,        NOQUOTE))" PERCENT = "%sysfunc(sasmsg(sashelp.dmine, rpt_percent_vlabel,      NOQUOTE))";
12004  dsid = open("WORK.TEMPFREQ");
12005  varnum = varnum(dsid, 'VARIABLE');
12006  freqnum = varnum(dsid, 'FREQUENCY');
12007  pvarnum = varnum(dsid, 'PERCENT');
12008  typenum = varnum(dsid, '_TYPE_');
12009  length _VARIABLE_ $32 TYPE $1 _XLABEL_ $32;
12010  do while(^fetch(dsid));
12011  _VARIABLE_ = strip(getvarc(dsid, varnum));
12012  count = getvarn(dsid, freqnum);
12013  percent= getvarn(dsid, pvarnum);
12014  vvarnum = varnum(dsid, _VARIABLE_);
12015  type = vartype(dsid, vvarnum);
12016  fvarnum = varnum(dsid, 'F_'!!substr(_VARIABLE_, 1, 30));
12017  _XLABEL_ = left(getvarc(dsid, fvarnum));
12018  _X_ = .;
12019  if TYPE eq 'N' then _X_ = getvarn(dsid, vvarnum);
12020  output;
12021  end;
12022  dsid = close(dsid);
12023  run;

NOTE: The data set WORK.PART_BAR has 2 observations and 6 variables.
NOTE: DATA statement used (Total process time):
      real time           0.03 seconds
      cpu time            0.01 seconds
      

12024  proc sort data=WORK.Part_BAR NOTHREADS;
12025  by _VARIABLE_;
12026  run;

NOTE: There were 2 observations read from the data set WORK.PART_BAR.
NOTE: The data set WORK.PART_BAR has 2 observations and 6 variables.
NOTE: PROCEDURE SORT used (Total process time):
      real time           0.00 seconds
      cpu time            0.01 seconds
      

12027  proc sort data=WORK.M1V2MPEZ;
12028  by Name;
12029  run;

NOTE: There were 1 observations read from the data set WORK.M1V2MPEZ.
NOTE: The data set WORK.M1V2MPEZ has 1 observations and 21 variables.
NOTE: PROCEDURE SORT used (Total process time):
      real time           0.00 seconds
      cpu time            0.00 seconds
      

12030  data WORK.Part_BAR;
12031  merge WORK.Part_BAR(in=_a) WORK.M1V2MPEZ(keep=Name Label Role rename=(Name=_Variable_ Label=_Label_));
12032  by _Variable_;
12033  label Role = "%sysfunc(sasmsg(sashelp.dmine, meta_role_vlabel ,  NOQUOTE))";
12034  label Label = "%sysfunc(sasmsg(sashelp.dmine, meta_label_vlabel , NOQUOTE))";
12035  if _a then output;
12036  run;

NOTE: Variable Label is uninitialized.
WARNING: Multiple lengths were specified for the BY variable _VARIABLE_ by input data sets. This might cause unexpected results.
NOTE: There were 2 observations read from the data set WORK.PART_BAR.
NOTE: There were 1 observations read from the data set WORK.M1V2MPEZ.
NOTE: The data set WORK.PART_BAR has 2 observations and 8 variables.
NOTE: DATA statement used (Total process time):
      real time           0.01 seconds
      cpu time            0.00 seconds
      

12037  data EMWS1.Part_CLASS;
12038  length DATA $8;
12039  set WORK.Part_BAR;
12040  DATA = "DATA";
12041  run;

NOTE: There were 2 observations read from the data set WORK.PART_BAR.
NOTE: The data set EMWS1.PART_CLASS has 2 observations and 9 variables.
NOTE: DATA statement used (Total process time):
      real time           0.00 seconds
      cpu time            0.00 seconds
      

12042  *------------------------------------------------------------*;
12043  * Part: Computing statistics for interval target variables;
12044  *------------------------------------------------------------*;
12045  *------------------------------------------------------------*;
12046  * Part: Computing statistics for class target variables;
12047  *------------------------------------------------------------*;
12048  ods listing close;
12049  ods output onewayfreqs=WORK.TEMPFREQ;
12050  proc freq data = EMWS1.Part_TRAIN order=formatted addnames;
12051  table TARGET_B / missing;
12052  run;

NOTE: The data set WORK.TEMPFREQ has 2 observations and 8 variables.
NOTE: There were 4843 observations read from the data set EMWS1.PART_TRAIN.
NOTE: PROCEDURE FREQ used (Total process time):
      real time           0.02 seconds
      cpu time            0.01 seconds
      

12053  quit;
12054  ods listing;
12055  data WORK.Part_BAR(keep=_VARIABLE_ TYPE COUNT PERCENT _X_ _XLABEL_);
12056  label _VARIABLE_ = "%sysfunc(sasmsg(sashelp.dmine, rpt_variable_vlabel, NOQUOTE))" Type = "%sysfunc(sasmsg(sashelp.dmine, rpt_type_vlabel,         NOQUOTE))" _X_ = "%sysfunc(sasmsg(sashelp.dmine, rpt_numValue_vlabel, NOQUOTE))" _XLABEL_ =
12057     "%sysfunc(sasmsg(sashelp.dmine, rpt_fmtValue_vlabel ,    NOQUOTE))" COUNT = "%sysfunc(sasmsg(sashelp.dmine, rpt_count_vlabel,        NOQUOTE))" PERCENT = "%sysfunc(sasmsg(sashelp.dmine, rpt_percent_vlabel,      NOQUOTE))";
12058  dsid = open("WORK.TEMPFREQ");
12059  varnum = varnum(dsid, 'VARIABLE');
12060  freqnum = varnum(dsid, 'FREQUENCY');
12061  pvarnum = varnum(dsid, 'PERCENT');
12062  typenum = varnum(dsid, '_TYPE_');
12063  length _VARIABLE_ $32 TYPE $1 _XLABEL_ $32;
12064  do while(^fetch(dsid));
12065  _VARIABLE_ = strip(getvarc(dsid, varnum));
12066  count = getvarn(dsid, freqnum);
12067  percent= getvarn(dsid, pvarnum);
12068  vvarnum = varnum(dsid, _VARIABLE_);
12069  type = vartype(dsid, vvarnum);
12070  fvarnum = varnum(dsid, 'F_'!!substr(_VARIABLE_, 1, 30));
12071  _XLABEL_ = left(getvarc(dsid, fvarnum));
12072  _X_ = .;
12073  if TYPE eq 'N' then _X_ = getvarn(dsid, vvarnum);
12074  output;
12075  end;
12076  dsid = close(dsid);
12077  run;

NOTE: The data set WORK.PART_BAR has 2 observations and 6 variables.
NOTE: DATA statement used (Total process time):
      real time           0.01 seconds
      cpu time            0.01 seconds
      

12078  proc sort data=WORK.Part_BAR NOTHREADS;
12079  by _VARIABLE_;
12080  run;

NOTE: There were 2 observations read from the data set WORK.PART_BAR.
NOTE: The data set WORK.PART_BAR has 2 observations and 6 variables.
NOTE: PROCEDURE SORT used (Total process time):
      real time           0.00 seconds
      cpu time            0.00 seconds
      

12081  proc sort data=WORK.M1V2MPEZ;
12082  by Name;
12083  run;

NOTE: Input data set is already sorted, no sorting done.
NOTE: PROCEDURE SORT used (Total process time):
      real time           0.00 seconds
      cpu time            0.00 seconds
      

12084  data WORK.Part_BAR;
12085  merge WORK.Part_BAR(in=_a) WORK.M1V2MPEZ(keep=Name Label Role rename=(Name=_Variable_ Label=_Label_));
12086  by _Variable_;
12087  label Role = "%sysfunc(sasmsg(sashelp.dmine, meta_role_vlabel ,  NOQUOTE))";
12088  label Label = "%sysfunc(sasmsg(sashelp.dmine, meta_label_vlabel , NOQUOTE))";
12089  if _a then output;
12090  run;

NOTE: Variable Label is uninitialized.
WARNING: Multiple lengths were specified for the BY variable _VARIABLE_ by input data sets. This might cause unexpected results.
NOTE: There were 2 observations read from the data set WORK.PART_BAR.
NOTE: There were 1 observations read from the data set WORK.M1V2MPEZ.
NOTE: The data set WORK.PART_BAR has 2 observations and 8 variables.
NOTE: DATA statement used (Total process time):
      real time           0.01 seconds
      cpu time            0.00 seconds
      

12091  data WORK.Part_BAR;
12092  length DATA $8;
12093  set WORK.Part_BAR;
12094  DATA = "TRAIN";
12095  run;

NOTE: There were 2 observations read from the data set WORK.PART_BAR.
NOTE: The data set WORK.PART_BAR has 2 observations and 9 variables.
NOTE: DATA statement used (Total process time):
      real time           0.00 seconds
      cpu time            0.00 seconds
      

12096  data EMWS1.Part_CLASS;
12097  set EMWS1.Part_CLASS WORK.Part_BAR;
12098  run;

NOTE: There were 2 observations read from the data set EMWS1.PART_CLASS.
NOTE: There were 2 observations read from the data set WORK.PART_BAR.
NOTE: The data set EMWS1.PART_CLASS has 4 observations and 9 variables.
NOTE: DATA statement used (Total process time):
      real time           0.00 seconds
      cpu time            0.00 seconds
      

12099  *------------------------------------------------------------*;
12100  * Part: Computing statistics for interval target variables;
12101  *------------------------------------------------------------*;
12102  *------------------------------------------------------------*;
12103  * Part: Computing statistics for class target variables;
12104  *------------------------------------------------------------*;
12105  ods listing close;
12106  ods output onewayfreqs=WORK.TEMPFREQ;
12107  proc freq data = EMWS1.Part_VALIDATE order=formatted addnames;
12108  table TARGET_B / missing;
12109  run;

NOTE: The data set WORK.TEMPFREQ has 2 observations and 8 variables.
NOTE: There were 4843 observations read from the data set EMWS1.PART_VALIDATE.
NOTE: PROCEDURE FREQ used (Total process time):
      real time           0.02 seconds
      cpu time            0.03 seconds
      

12110  quit;
12111  ods listing;
12112  data WORK.Part_BAR(keep=_VARIABLE_ TYPE COUNT PERCENT _X_ _XLABEL_);
12113  label _VARIABLE_ = "%sysfunc(sasmsg(sashelp.dmine, rpt_variable_vlabel, NOQUOTE))" Type = "%sysfunc(sasmsg(sashelp.dmine, rpt_type_vlabel,         NOQUOTE))" _X_ = "%sysfunc(sasmsg(sashelp.dmine, rpt_numValue_vlabel, NOQUOTE))" _XLABEL_ =
12114     "%sysfunc(sasmsg(sashelp.dmine, rpt_fmtValue_vlabel ,    NOQUOTE))" COUNT = "%sysfunc(sasmsg(sashelp.dmine, rpt_count_vlabel,        NOQUOTE))" PERCENT = "%sysfunc(sasmsg(sashelp.dmine, rpt_percent_vlabel,      NOQUOTE))";
12115  dsid = open("WORK.TEMPFREQ");
12116  varnum = varnum(dsid, 'VARIABLE');
12117  freqnum = varnum(dsid, 'FREQUENCY');
12118  pvarnum = varnum(dsid, 'PERCENT');
12119  typenum = varnum(dsid, '_TYPE_');
12120  length _VARIABLE_ $32 TYPE $1 _XLABEL_ $32;
12121  do while(^fetch(dsid));
12122  _VARIABLE_ = strip(getvarc(dsid, varnum));
12123  count = getvarn(dsid, freqnum);
12124  percent= getvarn(dsid, pvarnum);
12125  vvarnum = varnum(dsid, _VARIABLE_);
12126  type = vartype(dsid, vvarnum);
12127  fvarnum = varnum(dsid, 'F_'!!substr(_VARIABLE_, 1, 30));
12128  _XLABEL_ = left(getvarc(dsid, fvarnum));
12129  _X_ = .;
12130  if TYPE eq 'N' then _X_ = getvarn(dsid, vvarnum);
12131  output;
12132  end;
12133  dsid = close(dsid);
12134  run;

NOTE: The data set WORK.PART_BAR has 2 observations and 6 variables.
NOTE: DATA statement used (Total process time):
      real time           0.01 seconds
      cpu time            0.01 seconds
      

12135  proc sort data=WORK.Part_BAR NOTHREADS;
12136  by _VARIABLE_;
12137  run;

NOTE: There were 2 observations read from the data set WORK.PART_BAR.
NOTE: The data set WORK.PART_BAR has 2 observations and 6 variables.
NOTE: PROCEDURE SORT used (Total process time):
      real time           0.00 seconds
      cpu time            0.01 seconds
      

12138  proc sort data=WORK.M1V2MPEZ;
12139  by Name;
12140  run;

NOTE: Input data set is already sorted, no sorting done.
NOTE: PROCEDURE SORT used (Total process time):
      real time           0.00 seconds
      cpu time            0.00 seconds
      

12141  data WORK.Part_BAR;
12142  merge WORK.Part_BAR(in=_a) WORK.M1V2MPEZ(keep=Name Label Role rename=(Name=_Variable_ Label=_Label_));
12143  by _Variable_;
12144  label Role = "%sysfunc(sasmsg(sashelp.dmine, meta_role_vlabel ,  NOQUOTE))";
12145  label Label = "%sysfunc(sasmsg(sashelp.dmine, meta_label_vlabel , NOQUOTE))";
12146  if _a then output;
12147  run;

NOTE: Variable Label is uninitialized.
WARNING: Multiple lengths were specified for the BY variable _VARIABLE_ by input data sets. This might cause unexpected results.
NOTE: There were 2 observations read from the data set WORK.PART_BAR.
NOTE: There were 1 observations read from the data set WORK.M1V2MPEZ.
NOTE: The data set WORK.PART_BAR has 2 observations and 8 variables.
NOTE: DATA statement used (Total process time):
      real time           0.01 seconds
      cpu time            0.00 seconds
      

12148  data WORK.Part_BAR;
12149  length DATA $8;
12150  set WORK.Part_BAR;
12151  DATA = "VALIDATE";
12152  run;

NOTE: There were 2 observations read from the data set WORK.PART_BAR.
NOTE: The data set WORK.PART_BAR has 2 observations and 9 variables.
NOTE: DATA statement used (Total process time):
      real time           0.00 seconds
      cpu time            0.00 seconds
      

12153  data EMWS1.Part_CLASS;
12154  set EMWS1.Part_CLASS WORK.Part_BAR;
12155  run;

NOTE: There were 4 observations read from the data set EMWS1.PART_CLASS.
NOTE: There were 2 observations read from the data set WORK.PART_BAR.
NOTE: The data set EMWS1.PART_CLASS has 6 observations and 9 variables.
NOTE: DATA statement used (Total process time):
      real time           0.00 seconds
      cpu time            0.01 seconds
      

12156  *------------------------------------------------------------*;
12157  * Part: Computing statistics for interval target variables;
12158  *------------------------------------------------------------*;
12159  data EMWS1.Part_CLASS(rename=(_VARIABLE_=VARIABLE _X_=VALUE _XLABEL_=FORMATTEDVALUE));
12160  label DATA = "%sysfunc(sasmsg(sashelp.dmine, rpt_data_vlabel ,   NOQUOTE))";
12161  set EMWS1.Part_CLASS;
12162  drop type role;
12163  run;

NOTE: There were 6 observations read from the data set EMWS1.PART_CLASS.
NOTE: The data set EMWS1.PART_CLASS has 6 observations and 7 variables.
NOTE: DATA statement used (Total process time):
      real time           0.03 seconds
      cpu time            0.00 seconds
      

12164  proc sort data=EMWS1.Part_CLASS NOTHREADS;
12165  by DATA;
12166  run;

NOTE: There were 6 observations read from the data set EMWS1.PART_CLASS.
NOTE: The data set EMWS1.PART_CLASS has 6 observations and 7 variables.
NOTE: PROCEDURE SORT used (Total process time):
      real time           0.00 seconds
      cpu time            0.00 seconds
      

12167  %let _cn = %sysfunc(getoption(CENTER));
12168  %let _nb = %sysfunc(getoption(NUMBER));
12169  options nonumber nocenter;
12170  proc print data=EMWS1.Part_CLASS noobs label;
12171  by DATA;
12172  title9 ' ';
12173  title10 "%sysfunc(sasmsg(sashelp.dmine, rpt_classTargetStats_title, NOQUOTE))";
12174  run;

NOTE: There were 6 observations read from the data set EMWS1.PART_CLASS.
NOTE: The PROCEDURE PRINT printed page 3.
NOTE: PROCEDURE PRINT used (Total process time):
      real time           0.08 seconds
      cpu time            0.01 seconds
      

12175  title10;
12176  options &_cn &_nb;

