*------------------------------------------------------------*
* Training Log
Date:                September 29, 2017
Time:                19:56:48
*------------------------------------------------------------*
11406  proc freq data=EMWS1.Part_VariableSet noprint;
11407  table ROLE*LEVEL/out=WORK.PartMETA;
11408  run;

NOTE: There were 29 observations read from the data set EMWS1.PART_VARIABLESET.
NOTE: The data set WORK.PARTMETA has 6 observations and 4 variables.
NOTE: PROCEDURE FREQ used (Total process time):
      real time           0.06 seconds
      cpu time            0.00 seconds
      

11409  proc print data=WORK.PartMETA label noobs;
11410  var ROLE LEVEL COUNT;
11411  label ROLE = "%sysfunc(sasmsg(sashelp.dmine, meta_role_vlabel, NOQUOTE))" LEVEL = "%sysfunc(sasmsg(sashelp.dmine, meta_level_vlabel, NOQUOTE))" COUNT = "%sysfunc(sasmsg(sashelp.dmine, rpt_count_vlabel, NOQUOTE))";
11412  title9 ' ';
11413  title10 "%sysfunc(sasmsg(sashelp.dmine, rpt_varSummary_title  , NOQUOTE))";
11414  run;

NOTE: There were 6 observations read from the data set WORK.PARTMETA.
NOTE: The PROCEDURE PRINT printed page 1.
NOTE: PROCEDURE PRINT used (Total process time):
      real time           0.00 seconds
      cpu time            0.00 seconds
      

11415  title10;

11423  *------------------------------------------------------------*;
11424  * Part: Determine number of observations;
11425  *------------------------------------------------------------*;
11426  proc sql;
11427  reset noprint;
11428  select count(*) into :_tmpa from EMWS1.Repl_TRAIN
11429  ;
NOTE: There were 9686 observations read from the data set DATA.PVA97NK.
NOTE: View EMWS1.REPL_TRAIN.VIEW used (Total process time):
      real time           0.05 seconds
      cpu time            0.04 seconds
      
NOTE: There were 9686 observations read from the data set EMWS1.IDS_DATA.
11430  quit;
NOTE: PROCEDURE SQL used (Total process time):
      real time           0.06 seconds
      cpu time            0.06 seconds
      

trainPct=50 validatePct=50 testPct=0 
NOTE: View EMWS1.REPL_TRAIN.VIEW used (Total process time):
      real time           0.04 seconds
      cpu time            0.04 seconds
      
11431  *------------------------------------------------------------*;
11432  * Part: Retrieving stratification variable(s) levels;
11433  *------------------------------------------------------------*;
11434  proc freq data=EMWS1.Repl_TRAIN noprint;
11435  table
11436  TARGET_B
11437  /out=WORK.Part_FREQ(drop=percent);
11438  run;

NOTE: There were 9686 observations read from the data set DATA.PVA97NK.
NOTE: View EMWS1.REPL_TRAIN.VIEW used (Total process time):
      real time           0.06 seconds
      cpu time            0.04 seconds
      
NOTE: There were 9686 observations read from the data set EMWS1.IDS_DATA.
NOTE: There were 9686 observations read from the data set EMWS1.REPL_TRAIN.
NOTE: The data set WORK.PART_FREQ has 2 observations and 2 variables.
NOTE: PROCEDURE FREQ used (Total process time):
      real time           0.08 seconds
      cpu time            0.04 seconds
      

11439  proc sort data=WORK.Part_FREQ;
11440  by descending count;
11441  run;

NOTE: There were 2 observations read from the data set WORK.PART_FREQ.
NOTE: The data set WORK.PART_FREQ has 2 observations and 2 variables.
NOTE: PROCEDURE SORT used (Total process time):
      real time           0.00 seconds
      cpu time            0.00 seconds
      

11442  * Part: Retrieving levels that meet minimum requirement;
11443  data WORK.Part_FREQ2(keep = count);
11444  set WORK.Part_FREQ;
11445  where (.01 * 50 * count) >= 3;
11446  run;

NOTE: There were 2 observations read from the data set WORK.PART_FREQ.
      WHERE (0.5*count)>=3;
NOTE: The data set WORK.PART_FREQ2 has 2 observations and 1 variables.
NOTE: DATA statement used (Total process time):
      real time           0.00 seconds
      cpu time            0.00 seconds
      

11447  *------------------------------------------------------------*;
11448  * Part: Create stratified partitioning;
11449  *------------------------------------------------------------*;
11450  data
11451  EMWS1.Part_TRAIN(label="")
11452  EMWS1.Part_VALIDATE(label="")
11453  ;
11454  retain _seed_ 12345;
11455  drop _seed_ _genvalue_;
11456  call ranuni(_seed_, _genvalue_);
11457  label _dataobs_ = "%sysfunc(sasmsg(sashelp.dmine, sample_dataobs_vlabel, NOQUOTE))";
11458  _dataobs_ = _N_;
11459  drop _c00:;
11460  set EMWS1.Repl_TRAIN;
11461  if
11462  TARGET_B = 0
11463  then do;
11464  if (4843+1-_C000003)*_genvalue_ <= (2422 - _C000001) then do;
11465  _C000001 + 1;
11466  output EMWS1.Part_TRAIN;
11467  end;
11468  else do;
11469  _C000002 + 1;
11470  output EMWS1.Part_VALIDATE;
11471  end;
11472  _C000003+1;
11473  end;
11474  else if
11475  TARGET_B = 1
11476  then do;
11477  if (4843+1-_C000006)*_genvalue_ <= (2422 - _C000004) then do;
11478  _C000004 + 1;
11479  output EMWS1.Part_TRAIN;
11480  end;
11481  else do;
11482  _C000005 + 1;
11483  output EMWS1.Part_VALIDATE;
11484  end;
11485  _C000006+1;
11486  end;
11487  run;

NOTE: There were 9686 observations read from the data set DATA.PVA97NK.
NOTE: View EMWS1.REPL_TRAIN.VIEW used (Total process time):
      real time           0.07 seconds
      cpu time            0.04 seconds
      
NOTE: There were 9686 observations read from the data set EMWS1.IDS_DATA.
NOTE: There were 9686 observations read from the data set EMWS1.REPL_TRAIN.
NOTE: The data set EMWS1.PART_TRAIN has 4843 observations and 30 variables.
NOTE: The data set EMWS1.PART_VALIDATE has 4843 observations and 30 variables.
NOTE: DATA statement used (Total process time):
      real time           0.11 seconds
      cpu time            0.06 seconds
      

11488  data _tempNobs;
11489  length Type $8 Table $32 Nobs 8;
11490  label type= "%sysfunc(sasmsg(sashelp.dmine, meta_type_vlabel,    NOQUOTE))" table = "%sysfunc(sasmsg(sashelp.dmine, meta_dataset_vlabel, NOQUOTE))" nobs = "%sysfunc(sasmsg(sashelp.dmine,  rpt_numObs_vlabel,   NOQUOTE))";
11491  type='DATA';
11492  table="EMWS1.Repl_TRAIN";
11493  Nobs=9686;
11494  output;
11495  type='TRAIN';
11496  table="EMWS1.Part_TRAIN";
11497  Nobs=4843;
11498  output;
11499  type='VALIDATE';
11500  table="EMWS1.Part_VALIDATE";
11501  Nobs=4843;
11502  output;
11503  run;

NOTE: The data set WORK._TEMPNOBS has 3 observations and 3 variables.
NOTE: DATA statement used (Total process time):
      real time           0.02 seconds
      cpu time            0.01 seconds
      

11504  %let _cn = %sysfunc(getoption(CENTER));
11505  %let _nb = %sysfunc(getoption(NUMBER));
11506  options nonumber nocenter;
11507  proc print data=_tempNobs noobs label;
11508  title9 ' ';
11509  title10 "%sysfunc(sasmsg(sashelp.dmine, rpt_partitionSummary_title, NOQUOTE))";
11510  run;

NOTE: There were 3 observations read from the data set WORK._TEMPNOBS.
NOTE: The PROCEDURE PRINT printed page 2.
NOTE: PROCEDURE PRINT used (Total process time):
      real time           0.00 seconds
      cpu time            0.01 seconds
      

11511  title10;
11512  options &_cn &_nb;
11513  run;

