 
                                                                                                                                                                                                                                                                
 
 
Variable Summary

            Measurement    Frequency
Role           Level         Count

ID           INTERVAL           1   
ID           NOMINAL            1   
INPUT        BINARY             2   
INPUT        INTERVAL          20   
INPUT        NOMINAL            3   
REJECTED     INTERVAL           2   
TARGET       BINARY             1   
 
                                                                                                                                                                                                                                                                
 
 
Model Events

                                    Number
                     Measurement      of
 Target     Event       Level       Levels      Order            Label

TARGET_B      1        BINARY          2      Descending    Target Gift Flag
 
                                                                                                                                                                                                                                                                
 
 
Predicted and decision variables

Type          Variable      Label

TARGET       TARGET_B       Target Gift Flag     
PREDICTED    P_TARGET_B1    Predicted: TARGET_B=1
RESIDUAL     R_TARGET_B1    Residual: TARGET_B=1 
PREDICTED    P_TARGET_B0    Predicted: TARGET_B=0
RESIDUAL     R_TARGET_B0    Residual: TARGET_B=0 
FROM         F_TARGET_B     From: TARGET_B       
INTO         I_TARGET_B     Into: TARGET_B       
