NOTE: PROCEDURE PRINTTO used (Total process time):
      real time           0.00 seconds
      cpu time            0.00 seconds
      

Traverser: Traverser invoked.  MPCONNECT command is !sascmdv -nosyntaxcheck -noasynchio -noobjectserver. 
Traverser: Beginning flow traversal 
17144      data _null_;
MPRINT(EM_DIAGRAM):    data _null_;
17145      file emwipmsg;
MPRINT(EM_DIAGRAM):   file emwipmsg;
17146      put '<Node Id="Ids2" Event="Update" Pid="" Gridid=""/>';
MPRINT(EM_DIAGRAM):   put '<Node Id="Ids2" Event="Update" Pid="" Gridid=""/>';
17147      run;
MPRINT(EM_DIAGRAM):   run;

NOTE: The file EMWIPMSG is:
      Local Host Name=C2059006,
      Local Host IP addr=fe80::9c07:2d5:5053:89f4%4,
      Peer Hostname Name=C2059006.acc.chula.ac.th,
      Peer IP addr=127.0.0.1,Peer Name=N/A,
      Peer Portno=51950,Lrecl=32767,Recfm=Variable

NOTE: 1 record was written to the file EMWIPMSG.
      The minimum record length was 49.
      The maximum record length was 49.
NOTE: DATA statement used (Total process time):
      real time           0.00 seconds
      cpu time            0.00 seconds
      

17148      %let emloopmode =;
*------------------------------------------------------------* 
* 
* Ids2 : Beginning update before running 
* datetime : 21NOV2017:19:24:46 
* 
*------------------------------------------------------------* 
MPRINT(EM_DIAGRAM):     filename _emtool_ 'D:\5982361226\SAS\SASProject\Workspaces\EMWS2\Ids2\PROPERTIES.xml' encoding="UTF-8" NOBOM;
17150      %let _HPDMGRIDHOST=;
17151      %let _HPDMGRIDINSTALLLOC=;
17152      %let _HPDMGRIDDATASERVER=;
17153      %hpdm_gridSetOPtions;
MPRINT(EM_DIAGRAM):   
MPRINT(HPDM_GRIDSETOPTIONS):   data _null_;
MPRINT(HPDM_GRIDSETOPTIONS):   length optionString string $2000;
MPRINT(HPDM_GRIDSETOPTIONS):   optionString = reverse(getoption('SET'));
MPRINT(HPDM_GRIDSETOPTIONS):   index = index(optionString, reverse('GRIDHOST'));
MPRINT(HPDM_GRIDSETOPTIONS):   if index then do;
MPRINT(HPDM_GRIDSETOPTIONS):   string = reverse(substr(optionString, 1, index-4));
MPRINT(HPDM_GRIDSETOPTIONS):   host = '"'!!strip(tranwrd(scan(string, 1, ']'), '"', ''))!!'"';
MPRINT(HPDM_GRIDSETOPTIONS):   call symput('_HPDMGRIDHOST', strip(host));
MPRINT(HPDM_GRIDSETOPTIONS):   end;
MPRINT(HPDM_GRIDSETOPTIONS):   index = index(optionString, reverse('GRIDINSTALLLOC'));
MPRINT(HPDM_GRIDSETOPTIONS):   if index then do;
MPRINT(HPDM_GRIDSETOPTIONS):   string = reverse(substr(optionString, 1, index-4));
MPRINT(HPDM_GRIDSETOPTIONS):   install = '"'!!strip(tranwrd(scan(string, 1, ']'), '"', ''))!!'"';
MPRINT(HPDM_GRIDSETOPTIONS):   call symput('_HPDMGRIDINSTALLLOC', strip(install));
MPRINT(HPDM_GRIDSETOPTIONS):   end;
MPRINT(HPDM_GRIDSETOPTIONS):   index = index(optionString, reverse('GRIDDATASERVER'));
MPRINT(HPDM_GRIDSETOPTIONS):   if index then do;
MPRINT(HPDM_GRIDSETOPTIONS):   string = reverse(substr(optionString, 1, index-4));
MPRINT(HPDM_GRIDSETOPTIONS):   server = '"'!!strip(tranwrd(scan(string, 1, ']'), '"', ''))!!'"';
MPRINT(HPDM_GRIDSETOPTIONS):   call symput('_HPDMGRIDDATASERVER', strip(server));
MPRINT(HPDM_GRIDSETOPTIONS):   end;
MPRINT(HPDM_GRIDSETOPTIONS):   run;

NOTE: DATA statement used (Total process time):
      real time           0.00 seconds
      cpu time            0.01 seconds
      

MPRINT(EM_DIAGRAM):  ;

*------------------------------------------------------------* 
* 
* Ids2 : End update 
* datetime : 21NOV2017:19:24:46 
* 
*------------------------------------------------------------* 
17154      %let _emdsep = \;
17155      %em_getactionstatus(emlib =EMWS2, nodeid=Ids2);
MPRINT(EM_DIAGRAM):   
MPRINT(EM_GETACTIONSTATUS):   proc display c=sashelp.emutil.getactionstatus.scl;
MPRINT(EM_GETACTIONSTATUS):   run;

17156      %let em_Train = N;
17157      %let em_Score = N;
17158      %let em_Report = N;
17159      %let em_Run = N;
NOTE: PROCEDURE DISPLAY used (Total process time):
      real time           0.00 seconds
      cpu time            0.01 seconds
      

MPRINT(EM_GETACTIONSTATUS):   
MPRINT(EM_DIAGRAM):  ;

17160      data _null_;
MPRINT(EM_DIAGRAM):    data _null_;
17161      file emwipmsg;
MPRINT(EM_DIAGRAM):   file emwipmsg;
17162      put '<Node Id="Ids2" Event="Complete" Pid="" Gridid=""/>';
MPRINT(EM_DIAGRAM):   put '<Node Id="Ids2" Event="Complete" Pid="" Gridid=""/>';
17163      run;
MPRINT(EM_DIAGRAM):   run;

NOTE: The file EMWIPMSG is:
      Local Host Name=C2059006,
      Local Host IP addr=fe80::9c07:2d5:5053:89f4%4,
      Peer Hostname Name=C2059006.acc.chula.ac.th,
      Peer IP addr=127.0.0.1,Peer Name=N/A,
      Peer Portno=51950,Lrecl=32767,Recfm=Variable

NOTE: 1 record was written to the file EMWIPMSG.
      The minimum record length was 51.
      The maximum record length was 51.
NOTE: DATA statement used (Total process time):
      real time           0.00 seconds
      cpu time            0.00 seconds
      

17164      data _null_;
MPRINT(EM_DIAGRAM):    data _null_;
17165      run;
MPRINT(EM_DIAGRAM):   run;

NOTE: DATA statement used (Total process time):
      real time           0.00 seconds
      cpu time            0.00 seconds
      

Node "Ids2" is up to date and doesn't need to run. 
traverser_readyNode_note 
17166      data _null_;
MPRINT(EM_DIAGRAM):    data _null_;
17167      file emwipmsg;
MPRINT(EM_DIAGRAM):   file emwipmsg;
17168      put '<Node Id="Assoc2" Event="Update" Pid="" Gridid=""/>';
MPRINT(EM_DIAGRAM):   put '<Node Id="Assoc2" Event="Update" Pid="" Gridid=""/>';
17169      run;
MPRINT(EM_DIAGRAM):   run;

NOTE: The file EMWIPMSG is:
      Local Host Name=C2059006,
      Local Host IP addr=fe80::9c07:2d5:5053:89f4%4,
      Peer Hostname Name=C2059006.acc.chula.ac.th,
      Peer IP addr=127.0.0.1,Peer Name=N/A,
      Peer Portno=51950,Lrecl=32767,Recfm=Variable

NOTE: 1 record was written to the file EMWIPMSG.
      The minimum record length was 51.
      The maximum record length was 51.
NOTE: DATA statement used (Total process time):
      real time           0.00 seconds
      cpu time            0.00 seconds
      

17170      %let emloopmode =;
*------------------------------------------------------------* 
* 
* Assoc2 : Beginning update before running 
* datetime : 21NOV2017:19:24:46 
* 
*------------------------------------------------------------* 
MPRINT(EM_DIAGRAM):     data WORK.Assoc2_FILTERSET;
MPRINT(EM_DIAGRAM):   length PORT $32 USE $1;
MPRINT(EM_DIAGRAM):   DROP DELTACODE APPLYDELTA APPLYSCORE IMPORTPORT;
MPRINT(EM_DIAGRAM):   set EMWS2.Ids2_exportSet ;
MPRINT(EM_DIAGRAM):   PORT = '';
MPRINT(EM_DIAGRAM):   USE = '';
MPRINT(EM_DIAGRAM):   where role in( "TRANSACTION" ) and EXPORT = 'Y' ;
MPRINT(EM_DIAGRAM):   run;
MPRINT(EM_DIAGRAM):    filename _emtool_ 'D:\5982361226\SAS\SASProject\Workspaces\EMWS2\Assoc2\PROPERTIES.xml' encoding="UTF-8" NOBOM;
17187      %let _HPDMGRIDHOST=;
17188      %let _HPDMGRIDINSTALLLOC=;
17189      %let _HPDMGRIDDATASERVER=;
17190      %hpdm_gridSetOPtions;
MPRINT(EM_DIAGRAM):   
MPRINT(HPDM_GRIDSETOPTIONS):   data _null_;
MPRINT(HPDM_GRIDSETOPTIONS):   length optionString string $2000;
MPRINT(HPDM_GRIDSETOPTIONS):   optionString = reverse(getoption('SET'));
MPRINT(HPDM_GRIDSETOPTIONS):   index = index(optionString, reverse('GRIDHOST'));
MPRINT(HPDM_GRIDSETOPTIONS):   if index then do;
MPRINT(HPDM_GRIDSETOPTIONS):   string = reverse(substr(optionString, 1, index-4));
MPRINT(HPDM_GRIDSETOPTIONS):   host = '"'!!strip(tranwrd(scan(string, 1, ']'), '"', ''))!!'"';
MPRINT(HPDM_GRIDSETOPTIONS):   call symput('_HPDMGRIDHOST', strip(host));
MPRINT(HPDM_GRIDSETOPTIONS):   end;
MPRINT(HPDM_GRIDSETOPTIONS):   index = index(optionString, reverse('GRIDINSTALLLOC'));
MPRINT(HPDM_GRIDSETOPTIONS):   if index then do;
MPRINT(HPDM_GRIDSETOPTIONS):   string = reverse(substr(optionString, 1, index-4));
MPRINT(HPDM_GRIDSETOPTIONS):   install = '"'!!strip(tranwrd(scan(string, 1, ']'), '"', ''))!!'"';
MPRINT(HPDM_GRIDSETOPTIONS):   call symput('_HPDMGRIDINSTALLLOC', strip(install));
MPRINT(HPDM_GRIDSETOPTIONS):   end;
MPRINT(HPDM_GRIDSETOPTIONS):   index = index(optionString, reverse('GRIDDATASERVER'));
MPRINT(HPDM_GRIDSETOPTIONS):   if index then do;
MPRINT(HPDM_GRIDSETOPTIONS):   string = reverse(substr(optionString, 1, index-4));
MPRINT(HPDM_GRIDSETOPTIONS):   server = '"'!!strip(tranwrd(scan(string, 1, ']'), '"', ''))!!'"';
MPRINT(HPDM_GRIDSETOPTIONS):   call symput('_HPDMGRIDDATASERVER', strip(server));
MPRINT(HPDM_GRIDSETOPTIONS):   end;
MPRINT(HPDM_GRIDSETOPTIONS):   run;

NOTE: DATA statement used (Total process time):
      real time           0.00 seconds
      cpu time            0.00 seconds
      

MPRINT(EM_DIAGRAM):  ;

*------------------------------------------------------------* 
* 
* Assoc2 : End update 
* datetime : 21NOV2017:19:24:46 
* 
*------------------------------------------------------------* 
17191      %let _emdsep = \;
17192      %em_getactionstatus(emlib =EMWS2, nodeid=Assoc2);
MPRINT(EM_DIAGRAM):   
MPRINT(EM_GETACTIONSTATUS):   proc display c=sashelp.emutil.getactionstatus.scl;
MPRINT(EM_GETACTIONSTATUS):   run;

17193      %let em_Train = Y;
17194      %let em_Report = Y;
17195      %let em_Score = Y;
17196      %let em_Run = Y;
NOTE: PROCEDURE DISPLAY used (Total process time):
      real time           0.00 seconds
      cpu time            0.01 seconds
      

MPRINT(EM_GETACTIONSTATUS):   
MPRINT(EM_DIAGRAM):  ;

17197      data _null_;
MPRINT(EM_DIAGRAM):    data _null_;
17198      file emwipmsg;
MPRINT(EM_DIAGRAM):   file emwipmsg;
17199      put '<Node Id="Assoc2" Event="Run" Pid="" Gridid=""/>';
MPRINT(EM_DIAGRAM):   put '<Node Id="Assoc2" Event="Run" Pid="" Gridid=""/>';
17200      run;
MPRINT(EM_DIAGRAM):   run;

NOTE: The file EMWIPMSG is:
      Local Host Name=C2059006,
      Local Host IP addr=fe80::9c07:2d5:5053:89f4%4,
      Peer Hostname Name=C2059006.acc.chula.ac.th,
      Peer IP addr=127.0.0.1,Peer Name=N/A,
      Peer Portno=51950,Lrecl=32767,Recfm=Variable

NOTE: 1 record was written to the file EMWIPMSG.
      The minimum record length was 48.
      The maximum record length was 48.
NOTE: DATA statement used (Total process time):
      real time           0.00 seconds
      cpu time            0.00 seconds
      

17201      options sascmd="!sascmdv -nosyntaxcheck -noasynchio -noobjectserver";
MPRINT(EM_DIAGRAM):    options sascmd="!sascmdv -nosyntaxcheck -noasynchio -noobjectserver";
17202      %let SYSCC=0;
17203      signon C09FGU8D macvar=C09FGU8D;
WARNING: The SAS/CONNECT product with which the global statement 'signon' is associated will be expiring soon, and is currently in warning mode to indicate this upcoming expiration. Please run PROC SETINIT to obtain more information on your warning 
         period.
MPRINT(EM_DIAGRAM):   signon macvar=C09FGU8D;
WARNING: TCP Access method tracing is enabled.
NOTE: Default SASCMD value being used is: "C:\Program Files\SASHome\SASFoundation\9.4\SAS.EXE" -nologo -noterminal -noxcmd -objectserver -objectserverparms "protocol=bridge dnsname=127.0.0.1 jcbp=51951" -sspi -secpackage NTLM  -xcmd.
NOTE: Remote signon to C09FGU8D commencing (SAS Release 9.04.01M4P110916).
NOTE: Unable to open SASUSER.PROFILE. WORK.PROFILE will be opened instead.
NOTE: All profile changes will be lost at the end of the session.
WARNING: The SAS/CONNECT product with which SASXDMR is associated will be expiring soon, and 
WARNING: is currently in warning mode to indicate this upcoming expiration. Please run PROC 
WARNING: SETINIT to obtain more information on your warning period.
NOTE: Copyright (c) 2002-2012 by SAS Institute Inc., Cary, NC, USA. 
NOTE: SAS (r) Proprietary Software 9.4 (TS1M4) 
      Licensed to CHULALONGKORN, FACULTY OF COMMERCE AND ACCOUNTANCY, Site 12400081.
NOTE: This session is executing on the X64_81PRO  platform.



NOTE: Updated analytical products:
      
      SAS/STAT 14.2
      SAS/ETS 14.2
      SAS/OR 14.2
      SAS/IML 14.2
      SAS/QC 14.2

WARNING: Your system is scheduled to expire on November 29, 2017, which is 8 days from now. The SAS System will no longer function on or after that date. Please contact your SAS Installation Representative to obtain your updated SAS Installation Data 
         (SID) file, which includes SETINIT information.
To locate the name of your SAS Installation Representative go to http://support.sas.com/repfinder and provide your site number 12400081 and company name as CHULALONGKORN, FACULTY OF COMMERCE AND ACCOUNTANCY. On the SAS REP list provided, locate the REP 
for operating system Windows.
NOTE: Additional host information:

 X64_81PRO WIN 6.3.9600  Workstation

NOTE: SAS initialization used:
      real time           5.19 seconds
      cpu time            0.17 seconds
      
NOTE: Remote signon to C09FGU8D complete.
17204      rsubmit C09FGU8D wait=N persist=N  ;
MPRINT(EM_DIAGRAM):    rsubmit wait=N persist=N ;
The SAS System

NOTE: Background remote submit to C09FGU8D in progress.
NOTE: Remote submit to C09FGU8D commencing.
MPRINT(EM_DIAGRAM):   %global emexceptionstring emloopmode emloopnumber;
MPRINT(EM_DIAGRAM):   %let EMUSERID = %bquote(5981510226);
MPRINT(EM_DIAGRAM):   %let EMLDSPATH = %nrstr(D:\5982361226\SAS\SASProject\DataSources);
MPRINT(EM_DIAGRAM):   %let EMFLOWMODE = Y;
MPRINT(EM_DIAGRAM):   %let EMONODE = %bquote(Assoc2);
MPRINT(EM_DIAGRAM):   %let EMPATH = %nrstr(D:\5982361226\SAS\SASProject\Workspaces\EMWS2);
MPRINT(EM_DIAGRAM):   %let EMWS = EMWS2;
MPRINT(EM_DIAGRAM):   %let EMNODECLASS = SASHELP.EMEXPL.ASSOCIATE.CLASS;
MPRINT(EM_DIAGRAM):   %let EMSTATUSDIR = %nrstr(D:\5982361226\SAS\SASProject\Workspaces\EMWS2\System);
MPRINT(EM_DIAGRAM):   %let EM_DEBUG =;
MPRINT(EM_DIAGRAM):   %let EMPROJECTCODE = %nrstr(D:\5982361226\SAS\SASProject\System\STARTUP.sas);
MPRINT(EM_DIAGRAM):   %let EMSERVERCODE = %nrstr();
MPRINT(EM_DIAGRAM):   %let EM_USERID = %bquote(5981510226);
MPRINT(EM_DIAGRAM):   %let EM_METAHOST =;
MPRINT(EM_DIAGRAM):   %let EM_METAPORT =;
MPRINT(EM_DIAGRAM):   %let EM_JAVAPACKAGE = %bquote();
MPRINT(EM_DIAGRAM):   %let EMPROJECTPATH = %nrstr(D:\5982361226\SAS\SASProject);
MPRINT(EM_DIAGRAM):   %let EMPROJNAME = %nrstr(SASProject);
MPRINT(EM_DIAGRAM):   %let EMPROJPATH = %nrstr(D:\5982361226\SAS);
MPRINT(EM_DIAGRAM):   %let em_Train = Y;
MPRINT(EM_DIAGRAM):   %let em_Score = Y;
MPRINT(EM_DIAGRAM):   %let em_Report = Y;
MPRINT(EM_DIAGRAM):   %let emloopmode =;
MPRINT(EM_DIAGRAM):   %let emloopnumber =0;
MPRINT(EM_DIAGRAM):   %let emloopId =Assoc2;
MPRINT(EM_DIAGRAM):   %let emexceptionstring=;
MPRINT(EM_DIAGRAM):   options VBUFSIZE= 64M;
MPRINT(EM_DIAGRAM):   %em5run();
MPRINT(EM_DIAGRAM):   %put &&emexceptionstring;
MPRINT(EM_DIAGRAM):   %sysrput emerror_Assoc2 = &&emexceptionstring;
MPRINT(EM_DIAGRAM):   %put &&emloopmode;
MPRINT(EM_DIAGRAM):   %sysrput emloopmode_Assoc2 = &&emloopmode;
MPRINT(EM_DIAGRAM):   endrsubmit;
17205      data _null_;
MPRINT(EM_DIAGRAM):    data _null_;
17206      file emwipmsg;
MPRINT(EM_DIAGRAM):   file emwipmsg;
17207      put '<Node Id="Assoc2" Event="Run" Pid=" " Gridid=""/>';
MPRINT(EM_DIAGRAM):   put '<Node Id="Assoc2" Event="Run" Pid=" " Gridid=""/>';
17208      run;
MPRINT(EM_DIAGRAM):   run;

NOTE: The file EMWIPMSG is:
      Local Host Name=C2059006,
      Local Host IP addr=fe80::9c07:2d5:5053:89f4%4,
      Peer Hostname Name=C2059006.acc.chula.ac.th,
      Peer IP addr=127.0.0.1,Peer Name=N/A,
      Peer Portno=51950,Lrecl=32767,Recfm=Variable

NOTE: 1 record was written to the file EMWIPMSG.
      The minimum record length was 49.
      The maximum record length was 49.
NOTE: DATA statement used (Total process time):
      real time           0.00 seconds
      cpu time            0.00 seconds
      

17209      data _null_;
MPRINT(EM_DIAGRAM):    data _null_;
17210      run;
MPRINT(EM_DIAGRAM):   run;

NOTE: DATA statement used (Total process time):
      real time           0.00 seconds
      cpu time            0.00 seconds
      

traverser_runingNode_note 
17211      data _null_;
MPRINT(EM_DIAGRAM):    data _null_;
17212      run;
MPRINT(EM_DIAGRAM):   run;

NOTE: DATA statement used (Total process time):
      real time           0.00 seconds
      cpu time            0.00 seconds
      

traverser_runingNode_note 
17213      data _null_;
MPRINT(EM_DIAGRAM):    data _null_;
17214      run;
MPRINT(EM_DIAGRAM):   run;

NOTE: DATA statement used (Total process time):
      real time           0.00 seconds
      cpu time            0.00 seconds
      

traverser_runingNode_note 
17215      data _null_;
MPRINT(EM_DIAGRAM):    data _null_;
17216      run;
MPRINT(EM_DIAGRAM):   run;

NOTE: DATA statement used (Total process time):
      real time           0.00 seconds
      cpu time            0.00 seconds
      

traverser_runingNode_note 
17217      data _null_;
MPRINT(EM_DIAGRAM):    data _null_;
17218      run;
MPRINT(EM_DIAGRAM):   run;

NOTE: DATA statement used (Total process time):
      real time           0.00 seconds
      cpu time            0.00 seconds
      

traverser_runingNode_note 
17219      data _null_;
MPRINT(EM_DIAGRAM):    data _null_;
17220      run;
MPRINT(EM_DIAGRAM):   run;

NOTE: DATA statement used (Total process time):
      real time           0.00 seconds
      cpu time            0.00 seconds
      

traverser_runingNode_note 
17221      data _null_;
MPRINT(EM_DIAGRAM):    data _null_;
17222      run;
MPRINT(EM_DIAGRAM):   run;

NOTE: DATA statement used (Total process time):
      real time           0.00 seconds
      cpu time            0.00 seconds
      

traverser_runingNode_note 
17223      data _null_;
MPRINT(EM_DIAGRAM):    data _null_;
17224      run;
MPRINT(EM_DIAGRAM):   run;

NOTE: DATA statement used (Total process time):
      real time           0.00 seconds
      cpu time            0.01 seconds
      

1     %global emexceptionstring emloopmode emloopnumber;
2     %let EMUSERID = %bquote(5981510226);
3     %let EMLDSPATH = %nrstr(D:\5982361226\SAS\SASProject\DataSources);
4     %let EMFLOWMODE = Y;
5     %let EMONODE = %bquote(Assoc2);
6     %let EMPATH = %nrstr(D:\5982361226\SAS\SASProject\Workspaces\EMWS2);
7     %let EMWS = EMWS2;
8     %let EMNODECLASS = SASHELP.EMEXPL.ASSOCIATE.CLASS;
9     %let EMSTATUSDIR = %nrstr(D:\5982361226\SAS\SASProject\Workspaces\EMWS2\System);
10    %let EM_DEBUG =;
11    %let EMPROJECTCODE = %nrstr(D:\5982361226\SAS\SASProject\System\STARTUP.sas);
12    %let EMSERVERCODE = %nrstr();
13    %let EM_USERID = %bquote(5981510226);
14    %let EM_METAHOST =;
15    %let EM_METAPORT =;
16    %let EM_JAVAPACKAGE = %bquote();
17    %let EMPROJECTPATH = %nrstr(D:\5982361226\SAS\SASProject);
18    %let EMPROJNAME = %nrstr(SASProject);
19    %let EMPROJPATH = %nrstr(D:\5982361226\SAS);
20    %let em_Train = Y;
21    %let em_Score = Y;
22    %let em_Report = Y;
23    %let emloopmode =;
24    %let emloopnumber =0;
25    %let emloopId =Assoc2;
26    %let emexceptionstring=;
27    options VBUFSIZE= 64M;
28    %em5run();
WARNING: The Base SAS Software product with which DISPLAY is associated will be expiring soon, and is currently in warning mode to indicate this upcoming expiration. Please run PROC SETINIT to obtain more information on your warning period.

WARNING: The SAS Enterprise Miner product with which the procedure is associated will be expiring soon, and is currently in warning mode to indicate this upcoming expiration. Please run PROC SETINIT to obtain more information on your warning period.
*------------------------------------------------------------* 
* 
* Assoc2 : Running 
* datetime : 21NOV2017:19:24:52 
* 
*------------------------------------------------------------* 
6544   %let SYSCC =0;
6545   %let EMGROUPMODE =;
6546   %let EMGROUPID =;
12569  data EMWS2.Assoc2_EMTRAINVARIABLE;
12570  length NAME $64;
12571  set EMWS2.Assoc2_VariableSet;
12572  label NAME = "%sysfunc(sasmsg(sashelp.dmine, meta_name_vlabel, NOQUOTE))" ROLE = "%sysfunc(sasmsg(sashelp.dmine, meta_role_vlabel, NOQUOTE))" LEVEL = "%sysfunc(sasmsg(sashelp.dmine, meta_level_vlabel, NOQUOTE))" ORDER =
12573     "%sysfunc(sasmsg(sashelp.dmine, meta_order_vlabel, NOQUOTE))" LABEL = "%sysfunc(sasmsg(sashelp.dmine, meta_label_vlabel, NOQUOTE))";
12574  label USE = "%sysfunc(sasmsg(sashelp.dmine, META_USE_VLABEL, NOQUOTE))";
12575  drop lowerlimit upperlimit creator--type format--length;
12576  run;

NOTE: There were 3 observations read from the data set EMWS2.ASSOC2_VARIABLESET.
NOTE: The data set EMWS2.ASSOC2_EMTRAINVARIABLE has 3 observations and 6 variables.
NOTE: DATA statement used (Total process time):
      real time           0.01 seconds
      cpu time            0.01 seconds
      

12577  %let emexceptionstring =;
*------------------------------------------------------------* 
* 
* Assoc2 : End run 
* datetime : 21NOV2017:19:24:55 
* 
*------------------------------------------------------------* 
NOTE: The PROCEDURE DISPLAY printed pages 1-4.
NOTE: PROCEDURE DISPLAY used (Total process time):
      real time           3.66 seconds
      cpu time            1.81 seconds
      

12580   %put &&emexceptionstring;
 
12581   %sysrput emerror_Assoc2 = &&emexceptionstring;
12582   %put &&emloopmode;
 
12583   %sysrput emloopmode_Assoc2 = &&emloopmode;
NOTE: Remote submit to C09FGU8D complete.
NOTE: Remote signoff from C09FGU8D commencing.
NOTE: SAS Institute Inc., SAS Campus Drive, Cary, NC USA 27513-2414
NOTE: The SAS System used:
      real time           9.01 seconds
      cpu time            2.01 seconds
      
NOTE: Remote signoff from C09FGU8D complete.
traverser_runingNode_note 
17225      data _null_;
MPRINT(EM_DIAGRAM):    data _null_;
17226      run;
MPRINT(EM_DIAGRAM):   run;

NOTE: DATA statement used (Total process time):
      real time           0.00 seconds
      cpu time            0.00 seconds
      

Node "Assoc2" ran. 
MPRINT(EM_DIAGRAM):    filename _emtool_ 'D:\5982361226\SAS\SASProject\Workspaces\EMWS2\Assoc2\TRAINPROPERTIES.xml' encoding="UTF-8" NOBOM;
Node "Assoc2" succeeded. 
17228      data _null_;
MPRINT(EM_DIAGRAM):    data _null_;
17229      file emwipmsg;
MPRINT(EM_DIAGRAM):   file emwipmsg;
17230      put '<Node Id="Assoc2" Event="Complete" Pid="4696" Gridid=""/>';
MPRINT(EM_DIAGRAM):   put '<Node Id="Assoc2" Event="Complete" Pid="4696" Gridid=""/>';
17231      run;
MPRINT(EM_DIAGRAM):   run;

NOTE: The file EMWIPMSG is:
      Local Host Name=C2059006,
      Local Host IP addr=fe80::9c07:2d5:5053:89f4%4,
      Peer Hostname Name=C2059006.acc.chula.ac.th,
      Peer IP addr=127.0.0.1,Peer Name=N/A,
      Peer Portno=51950,Lrecl=32767,Recfm=Variable

NOTE: 1 record was written to the file EMWIPMSG.
      The minimum record length was 57.
      The maximum record length was 57.
NOTE: DATA statement used (Total process time):
      real time           0.00 seconds
      cpu time            0.01 seconds
      

Traverser: Run Completed 
NOTE: There are no active tasks/transactions.
17232      waitfor _all_ C09FGU8D;
MPRINT(EM_DIAGRAM):    waitfor _all_ C09FGU8D;
17233      signoff C09FGU8D;
MPRINT(EM_DIAGRAM):   signoff;
NOTE: A link to C09FGU8D does not exist.  SIGNOFF is not necessary.
17234      proc printto;
MPRINT(EM_DIAGRAM):   proc printto;
17235      run;
MPRINT(EM_DIAGRAM):   run;

